TI ARM Assembler PC v15.12.1 Wed Feb 08 15:20:04 2017

Tools Copyright (c) 1996-2015 Texas Instruments Incorporated
Task_Speakerbuzz.asm                                                 PAGE    1

       1                    ;******************************************************************************
       2                    ;* TI ARM C/C++ Codegen                                       PC v15.12.1.LTS *
       3                    ;* Date/Time created: Wed Feb 08 15:20:04 2017                                *
       4                    ;******************************************************************************
       5                            .compiler_opts --abi=eabi --arm_vmrs_si_workaround=off --code_state=16 --diag_wrap=off --disab
       6 00000000                   .thumb
       7                    
       8                    $C$DW$CU        .dwtag  DW_TAG_compile_unit
       9                            .dwattr $C$DW$CU, DW_AT_name("../Tasks/Task_Speakerbuzz.c")
      10                            .dwattr $C$DW$CU, DW_AT_producer("TI TI ARM C/C++ Codegen PC v15.12.1.LTS Copyright (c) 1996-2
      11                            .dwattr $C$DW$CU, DW_AT_TI_version(0x01)
      12                            .dwattr $C$DW$CU, DW_AT_comp_dir("H:\EECS_388\TI_ARM_Projects\Program_PushButton\Debug")
      13                    
      14                    $C$DW$1 .dwtag  DW_TAG_subprogram
      15                            .dwattr $C$DW$1, DW_AT_name("SysCtlPeripheralEnable")
      16                            .dwattr $C$DW$1, DW_AT_TI_symbol_name("SysCtlPeripheralEnable")
      17                            .dwattr $C$DW$1, DW_AT_declaration
      18                            .dwattr $C$DW$1, DW_AT_external
      19                            .dwattr $C$DW$1, DW_AT_decl_file("C:/TI_CodeComposer/StellarisWare-LM3S1968/driverlib/sysctl.h
      20                            .dwattr $C$DW$1, DW_AT_decl_line(0x24d)
      21                            .dwattr $C$DW$1, DW_AT_decl_column(0x0d)
      22                    $C$DW$2 .dwtag  DW_TAG_formal_parameter
      23                            .dwattr $C$DW$2, DW_AT_type(*$C$DW$T$13)
      24                    
      25                            .dwendtag $C$DW$1
      26                    
      27                    
      28                    $C$DW$3 .dwtag  DW_TAG_subprogram
      29                            .dwattr $C$DW$3, DW_AT_name("GPIOPadConfigSet")
      30                            .dwattr $C$DW$3, DW_AT_TI_symbol_name("GPIOPadConfigSet")
      31                            .dwattr $C$DW$3, DW_AT_declaration
      32                            .dwattr $C$DW$3, DW_AT_external
      33                            .dwattr $C$DW$3, DW_AT_decl_file("C:/TI_CodeComposer/StellarisWare-LM3S1968/driverlib/gpio.h")
      34                            .dwattr $C$DW$3, DW_AT_decl_line(0x7f)
      35                            .dwattr $C$DW$3, DW_AT_decl_column(0x0d)
      36                    $C$DW$4 .dwtag  DW_TAG_formal_parameter
      37                            .dwattr $C$DW$4, DW_AT_type(*$C$DW$T$13)
      38                    
      39                    $C$DW$5 .dwtag  DW_TAG_formal_parameter
      40                            .dwattr $C$DW$5, DW_AT_type(*$C$DW$T$6)
      41                    
      42                    $C$DW$6 .dwtag  DW_TAG_formal_parameter
      43                            .dwattr $C$DW$6, DW_AT_type(*$C$DW$T$13)
      44                    
      45                    $C$DW$7 .dwtag  DW_TAG_formal_parameter
      46                            .dwattr $C$DW$7, DW_AT_type(*$C$DW$T$13)
      47                    
      48                            .dwendtag $C$DW$3
      49                    
      50                    
      51                    $C$DW$8 .dwtag  DW_TAG_subprogram
      52                            .dwattr $C$DW$8, DW_AT_name("GPIOPinRead")
      53                            .dwattr $C$DW$8, DW_AT_TI_symbol_name("GPIOPinRead")
      54                            .dwattr $C$DW$8, DW_AT_type(*$C$DW$T$12)
      55                            .dwattr $C$DW$8, DW_AT_declaration
TI ARM Assembler PC v15.12.1 Wed Feb 08 15:20:04 2017

Tools Copyright (c) 1996-2015 Texas Instruments Incorporated
Task_Speakerbuzz.asm                                                 PAGE    2

      56                            .dwattr $C$DW$8, DW_AT_external
      57                            .dwattr $C$DW$8, DW_AT_decl_file("C:/TI_CodeComposer/StellarisWare-LM3S1968/driverlib/gpio.h")
      58                            .dwattr $C$DW$8, DW_AT_decl_line(0x8c)
      59                            .dwattr $C$DW$8, DW_AT_decl_column(0x0d)
      60                    $C$DW$9 .dwtag  DW_TAG_formal_parameter
      61                            .dwattr $C$DW$9, DW_AT_type(*$C$DW$T$13)
      62                    
      63                    $C$DW$10        .dwtag  DW_TAG_formal_parameter
      64                            .dwattr $C$DW$10, DW_AT_type(*$C$DW$T$6)
      65                    
      66                            .dwendtag $C$DW$8
      67                    
      68                    
      69                    $C$DW$11        .dwtag  DW_TAG_subprogram
      70                            .dwattr $C$DW$11, DW_AT_name("GPIOPinWrite")
      71                            .dwattr $C$DW$11, DW_AT_TI_symbol_name("GPIOPinWrite")
      72                            .dwattr $C$DW$11, DW_AT_declaration
      73                            .dwattr $C$DW$11, DW_AT_external
      74                            .dwattr $C$DW$11, DW_AT_decl_file("C:/TI_CodeComposer/StellarisWare-LM3S1968/driverlib/gpio.h"
      75                            .dwattr $C$DW$11, DW_AT_decl_line(0x8d)
      76                            .dwattr $C$DW$11, DW_AT_decl_column(0x0d)
      77                    $C$DW$12        .dwtag  DW_TAG_formal_parameter
      78                            .dwattr $C$DW$12, DW_AT_type(*$C$DW$T$13)
      79                    
      80                    $C$DW$13        .dwtag  DW_TAG_formal_parameter
      81                            .dwattr $C$DW$13, DW_AT_type(*$C$DW$T$6)
      82                    
      83                    $C$DW$14        .dwtag  DW_TAG_formal_parameter
      84                            .dwattr $C$DW$14, DW_AT_type(*$C$DW$T$6)
      85                    
      86                            .dwendtag $C$DW$11
      87                    
      88                    
      89                    $C$DW$15        .dwtag  DW_TAG_subprogram
      90                            .dwattr $C$DW$15, DW_AT_name("GPIOPinTypeGPIOOutput")
      91                            .dwattr $C$DW$15, DW_AT_TI_symbol_name("GPIOPinTypeGPIOOutput")
      92                            .dwattr $C$DW$15, DW_AT_declaration
      93                            .dwattr $C$DW$15, DW_AT_external
      94                            .dwattr $C$DW$15, DW_AT_decl_file("C:/TI_CodeComposer/StellarisWare-LM3S1968/driverlib/gpio.h"
      95                            .dwattr $C$DW$15, DW_AT_decl_line(0x98)
      96                            .dwattr $C$DW$15, DW_AT_decl_column(0x0d)
      97                    $C$DW$16        .dwtag  DW_TAG_formal_parameter
      98                            .dwattr $C$DW$16, DW_AT_type(*$C$DW$T$13)
      99                    
     100                    $C$DW$17        .dwtag  DW_TAG_formal_parameter
     101                            .dwattr $C$DW$17, DW_AT_type(*$C$DW$T$6)
     102                    
     103                            .dwendtag $C$DW$15
     104                    
     105                    $C$DW$18        .dwtag  DW_TAG_variable
     106                            .dwattr $C$DW$18, DW_AT_name("SysTickFrequency_Nbr")
     107                            .dwattr $C$DW$18, DW_AT_TI_symbol_name("SysTickFrequency_Nbr")
     108                            .dwattr $C$DW$18, DW_AT_type(*$C$DW$T$29)
     109                            .dwattr $C$DW$18, DW_AT_declaration
     110                            .dwattr $C$DW$18, DW_AT_external
TI ARM Assembler PC v15.12.1 Wed Feb 08 15:20:04 2017

Tools Copyright (c) 1996-2015 Texas Instruments Incorporated
Task_Speakerbuzz.asm                                                 PAGE    3

     111                            .dwattr $C$DW$18, DW_AT_decl_file("../Tasks/Task_Speakerbuzz.c")
     112                            .dwattr $C$DW$18, DW_AT_decl_line(0x1b)
     113                            .dwattr $C$DW$18, DW_AT_decl_column(0x12)
     114                    
     115                    $C$DW$19        .dwtag  DW_TAG_variable
     116                            .dwattr $C$DW$19, DW_AT_name("SysTickCount_Nbr")
     117                            .dwattr $C$DW$19, DW_AT_TI_symbol_name("SysTickCount_Nbr")
     118                            .dwattr $C$DW$19, DW_AT_type(*$C$DW$T$29)
     119                            .dwattr $C$DW$19, DW_AT_declaration
     120                            .dwattr $C$DW$19, DW_AT_external
     121                            .dwattr $C$DW$19, DW_AT_decl_file("../Tasks/Task_Speakerbuzz.c")
     122                            .dwattr $C$DW$19, DW_AT_decl_line(0x1c)
     123                            .dwattr $C$DW$19, DW_AT_decl_column(0x12)
     124                    
     125 00000000                   .data
     126                            .align  4
     127                            .elfsym Task_Speakerbuzz_NextExecute,SYM_SIZE(4)
     128 00000000           Task_Speakerbuzz_NextExecute:
     129 00000000 00000000          .bits   0,32                    ; Task_Speakerbuzz_NextExecute @ 0
     130                    
     131                    $C$DW$20        .dwtag  DW_TAG_variable
     132                            .dwattr $C$DW$20, DW_AT_name("Task_Speakerbuzz_NextExecute")
     133                            .dwattr $C$DW$20, DW_AT_TI_symbol_name("Task_Speakerbuzz_NextExecute")
     134                            .dwattr $C$DW$20, DW_AT_type(*$C$DW$T$29)
     135                            .dwattr $C$DW$20, DW_AT_location[DW_OP_addr Task_Speakerbuzz_NextExecute]
     136                            .dwattr $C$DW$20, DW_AT_decl_file("../Tasks/Task_Speakerbuzz.c")
     137                            .dwattr $C$DW$20, DW_AT_decl_line(0x23)
     138                            .dwattr $C$DW$20, DW_AT_decl_column(0x11)
     139                    
     140 00000000                   .bss    Task_Speakerbuzz_DeltaExecute,4,4
     141                    $C$DW$21        .dwtag  DW_TAG_variable
     142                            .dwattr $C$DW$21, DW_AT_name("Task_Speakerbuzz_DeltaExecute")
     143                            .dwattr $C$DW$21, DW_AT_TI_symbol_name("Task_Speakerbuzz_DeltaExecute")
     144                            .dwattr $C$DW$21, DW_AT_type(*$C$DW$T$29)
     145                            .dwattr $C$DW$21, DW_AT_location[DW_OP_addr Task_Speakerbuzz_DeltaExecute]
     146                            .dwattr $C$DW$21, DW_AT_decl_file("../Tasks/Task_Speakerbuzz.c")
     147                            .dwattr $C$DW$21, DW_AT_decl_line(0x24)
     148                            .dwattr $C$DW$21, DW_AT_decl_column(0x11)
     149                    
     150 00000004                   .data
     151                            .align  1
     152                            .elfsym Task_Speakerbuzz_Initialized,SYM_SIZE(1)
     153 00000004           Task_Speakerbuzz_Initialized:
     154 00000004 00000000          .bits   0,8                     ; Task_Speakerbuzz_Initialized @ 0
     155                    
     156                    $C$DW$22        .dwtag  DW_TAG_variable
     157                            .dwattr $C$DW$22, DW_AT_name("Task_Speakerbuzz_Initialized")
     158                            .dwattr $C$DW$22, DW_AT_TI_symbol_name("Task_Speakerbuzz_Initialized")
     159                            .dwattr $C$DW$22, DW_AT_type(*$C$DW$T$64)
     160                            .dwattr $C$DW$22, DW_AT_location[DW_OP_addr Task_Speakerbuzz_Initialized]
     161                            .dwattr $C$DW$22, DW_AT_decl_file("../Tasks/Task_Speakerbuzz.c")
     162                            .dwattr $C$DW$22, DW_AT_decl_line(0x25)
     163                            .dwattr $C$DW$22, DW_AT_decl_column(0x0e)
     164                    
     165 00000005                   .data
TI ARM Assembler PC v15.12.1 Wed Feb 08 15:20:04 2017

Tools Copyright (c) 1996-2015 Texas Instruments Incorporated
Task_Speakerbuzz.asm                                                 PAGE    4

     166                            .align  4
     167                            .elfsym Task_Speakerbuzz_Frequency,SYM_SIZE(4)
     168 00000008           Task_Speakerbuzz_Frequency:
     169 00000008 00000000          .bits   0,32                    ; Task_Speakerbuzz_Frequency @ 0
     170                    
     171                    $C$DW$23        .dwtag  DW_TAG_variable
     172                            .dwattr $C$DW$23, DW_AT_name("Task_Speakerbuzz_Frequency")
     173                            .dwattr $C$DW$23, DW_AT_TI_symbol_name("Task_Speakerbuzz_Frequency")
     174                            .dwattr $C$DW$23, DW_AT_type(*$C$DW$T$29)
     175                            .dwattr $C$DW$23, DW_AT_location[DW_OP_addr Task_Speakerbuzz_Frequency]
     176                            .dwattr $C$DW$23, DW_AT_decl_file("../Tasks/Task_Speakerbuzz.c")
     177                            .dwattr $C$DW$23, DW_AT_decl_line(0x27)
     178                            .dwattr $C$DW$23, DW_AT_decl_column(0x11)
     179                    
     180 00000004                   .bss    Task_Speakerbuzz_timeToTurnOff,4,4
     181                    $C$DW$24        .dwtag  DW_TAG_variable
     182                            .dwattr $C$DW$24, DW_AT_name("Task_Speakerbuzz_timeToTurnOff")
     183                            .dwattr $C$DW$24, DW_AT_TI_symbol_name("Task_Speakerbuzz_timeToTurnOff")
     184                            .dwattr $C$DW$24, DW_AT_type(*$C$DW$T$29)
     185                            .dwattr $C$DW$24, DW_AT_location[DW_OP_addr Task_Speakerbuzz_timeToTurnOff]
     186                            .dwattr $C$DW$24, DW_AT_decl_file("../Tasks/Task_Speakerbuzz.c")
     187                            .dwattr $C$DW$24, DW_AT_decl_line(0x28)
     188                            .dwattr $C$DW$24, DW_AT_decl_column(0x11)
     189                    
     190 0000000c                   .data
     191                            .align  1
     192                            .elfsym SpeakState,SYM_SIZE(1)
     193 0000000c           SpeakState:
     194 0000000c 00000001          .bits   1,8                     ; SpeakState @ 0
     195                    
     196                    $C$DW$25        .dwtag  DW_TAG_variable
     197                            .dwattr $C$DW$25, DW_AT_name("SpeakState")
     198                            .dwattr $C$DW$25, DW_AT_TI_symbol_name("SpeakState")
     199                            .dwattr $C$DW$25, DW_AT_type(*$C$DW$T$66)
     200                            .dwattr $C$DW$25, DW_AT_location[DW_OP_addr SpeakState]
     201                            .dwattr $C$DW$25, DW_AT_decl_file("../Tasks/Task_Speakerbuzz.c")
     202                            .dwattr $C$DW$25, DW_AT_decl_line(0x2a)
     203                            .dwattr $C$DW$25, DW_AT_decl_column(0x1a)
     204                    
     205                    ;       C:\TI_CodeComposer\ccsv6\tools\compiler\ti-cgt-arm_15.12.1.LTS\bin\armacpia.exe -@C:\\Users\\S
     206 00000000                   .sect   ".text"
     207                            .clink
     208                            .thumbfunc Task_Speakerbuzz
     209 00000000                   .thumb
     210                            .global Task_Speakerbuzz
     211                    
     212                    $C$DW$26        .dwtag  DW_TAG_subprogram
     213                            .dwattr $C$DW$26, DW_AT_name("Task_Speakerbuzz")
     214                            .dwattr $C$DW$26, DW_AT_low_pc(Task_Speakerbuzz)
     215                            .dwattr $C$DW$26, DW_AT_high_pc(0x00)
     216                            .dwattr $C$DW$26, DW_AT_TI_symbol_name("Task_Speakerbuzz")
     217                            .dwattr $C$DW$26, DW_AT_external
     218                            .dwattr $C$DW$26, DW_AT_TI_begin_file("../Tasks/Task_Speakerbuzz.c")
     219                            .dwattr $C$DW$26, DW_AT_TI_begin_line(0x2b)
     220                            .dwattr $C$DW$26, DW_AT_TI_begin_column(0x0d)
TI ARM Assembler PC v15.12.1 Wed Feb 08 15:20:04 2017

Tools Copyright (c) 1996-2015 Texas Instruments Incorporated
Task_Speakerbuzz.asm                                                 PAGE    5

     221                            .dwattr $C$DW$26, DW_AT_decl_file("../Tasks/Task_Speakerbuzz.c")
     222                            .dwattr $C$DW$26, DW_AT_decl_line(0x2b)
     223                            .dwattr $C$DW$26, DW_AT_decl_column(0x0d)
     224                            .dwattr $C$DW$26, DW_AT_TI_max_frame_size(0x08)
     225                            .dwpsn  file "../Tasks/Task_Speakerbuzz.c",line 43,column 32,is_stmt,address Task_Speakerbuzz,
     226                    
     227                            .dwfde $C$DW$CIE, Task_Speakerbuzz
     228                    
     229                    ;*****************************************************************************
     230                    ;* FUNCTION NAME: Task_Speakerbuzz                                           *
     231                    ;*                                                                           *
     232                    ;*   Regs Modified     : A1,A2,A3,A4,V9,SP,LR,SR                             *
     233                    ;*   Regs Used         : A1,A2,A3,A4,V9,SP,LR,SR                             *
     234                    ;*   Local Frame Size  : 0 Args + 4 Auto + 4 Save = 8 byte                   *
     235                    ;*****************************************************************************
     236 00000000           Task_Speakerbuzz:
     237                    ;* --------------------------------------------------------------------------*
     238                            .dwcfi  cfa_offset, 0
     239 00000000 B508              PUSH      {A4, LR}              ; [DPU_3_PIPE]  ; [ORIG 16-BIT INS]
     240                            .dwcfi  cfa_offset, 8
     241                            .dwcfi  save_reg_to_mem, 14, -4
     242                            .dwcfi  save_reg_to_mem, 3, -8
     243                    $C$DW$27        .dwtag  DW_TAG_variable
     244                            .dwattr $C$DW$27, DW_AT_name("Speakerbuzz_Data")
     245                            .dwattr $C$DW$27, DW_AT_TI_symbol_name("Speakerbuzz_Data")
     246                            .dwattr $C$DW$27, DW_AT_type(*$C$DW$T$29)
     247                            .dwattr $C$DW$27, DW_AT_location[DW_OP_breg13 0]
     248                    
     249                            .dwpsn  file "../Tasks/Task_Speakerbuzz.c",line 45,column 28,is_stmt,isa 1
     250 00000002 2000              MOVS      A1, #0                ; [DPU_3_PIPE] |45|  ; [ORIG 16-BIT INS]
     251 00000004 9000              STR       A1, [SP, #0]          ; [DPU_3_PIPE] |45|  ; [ORIG 16-BIT INS]
     252                            .dwpsn  file "../Tasks/Task_Speakerbuzz.c",line 47,column 2,is_stmt,isa 1
     253 00000006 483B              LDR       A1, $C$CON1           ; [DPU_3_PIPE] |47|  ; [ORIG 16-BIT INS]
     254 00000008 7800              LDRB      A1, [A1, #0]          ; [DPU_3_PIPE] |47|  ; [ORIG 16-BIT INS]
     255 0000000a BB20              CBNZ      A1, ||$C$L1||         ; []  ; [ORIG 16-BIT INS]
     256                            ; BRANCHCC OCCURS {||$C$L1||}    ; [] |47| 
     257                    ;* --------------------------------------------------------------------------*
     258                            .dwpsn  file "../Tasks/Task_Speakerbuzz.c",line 50,column 3,is_stmt,isa 1
     259 0000000c 483A              LDR       A1, $C$CON2           ; [DPU_3_PIPE] |50|  ; [ORIG 16-BIT INS]
     260                    $C$DW$28        .dwtag  DW_TAG_TI_branch
     261                            .dwattr $C$DW$28, DW_AT_low_pc(0x00)
     262                            .dwattr $C$DW$28, DW_AT_name("SysCtlPeripheralEnable")
     263                            .dwattr $C$DW$28, DW_AT_TI_call
     264                    
     265 0000000e FFFEF7FF!         BL        SysCtlPeripheralEnable ; [DPU_3_PIPE] |50|  ; [KEEP 32-BIT INS]
     266                            ; CALL OCCURS {SysCtlPeripheralEnable }  ; [] |50| 
     267                            .dwpsn  file "../Tasks/Task_Speakerbuzz.c",line 51,column 3,is_stmt,isa 1
     268 00000012 483A              LDR       A1, $C$CON3           ; [DPU_3_PIPE] |51|  ; [ORIG 16-BIT INS]
     269 00000014 2103              MOVS      A2, #3                ; [DPU_3_PIPE] |51|  ; [ORIG 16-BIT INS]
     270                    $C$DW$29        .dwtag  DW_TAG_TI_branch
     271                            .dwattr $C$DW$29, DW_AT_low_pc(0x00)
     272                            .dwattr $C$DW$29, DW_AT_name("GPIOPinTypeGPIOOutput")
     273                            .dwattr $C$DW$29, DW_AT_TI_call
     274                    
     275 00000016 FFFEF7FF!         BL        GPIOPinTypeGPIOOutput ; [DPU_3_PIPE] |51|  ; [KEEP 32-BIT INS]
TI ARM Assembler PC v15.12.1 Wed Feb 08 15:20:04 2017

Tools Copyright (c) 1996-2015 Texas Instruments Incorporated
Task_Speakerbuzz.asm                                                 PAGE    6

     276                            ; CALL OCCURS {GPIOPinTypeGPIOOutput }  ; [] |51| 
     277                            .dwpsn  file "../Tasks/Task_Speakerbuzz.c",line 53,column 4,is_stmt,isa 1
     278 0000001a 4838              LDR       A1, $C$CON3           ; [DPU_3_PIPE] |53|  ; [ORIG 16-BIT INS]
     279 0000001c 2103              MOVS      A2, #3                ; [DPU_3_PIPE] |53|  ; [ORIG 16-BIT INS]
     280 0000001e 2201              MOVS      A3, #1                ; [DPU_3_PIPE] |53|  ; [ORIG 16-BIT INS]
     281 00000020 2308              MOVS      A4, #8                ; [DPU_3_PIPE] |53|  ; [ORIG 16-BIT INS]
     282                    $C$DW$30        .dwtag  DW_TAG_TI_branch
     283                            .dwattr $C$DW$30, DW_AT_low_pc(0x00)
     284                            .dwattr $C$DW$30, DW_AT_name("GPIOPadConfigSet")
     285                            .dwattr $C$DW$30, DW_AT_TI_call
     286                    
     287 00000022 FFFEF7FF!         BL        GPIOPadConfigSet      ; [DPU_3_PIPE] |53|  ; [KEEP 32-BIT INS]
     288                            ; CALL OCCURS {GPIOPadConfigSet }  ; [] |53| 
     289                            .dwpsn  file "../Tasks/Task_Speakerbuzz.c",line 59,column 4,is_stmt,isa 1
     290 00000026 4835              LDR       A1, $C$CON3           ; [DPU_3_PIPE] |59|  ; [ORIG 16-BIT INS]
     291 00000028 2103              MOVS      A2, #3                ; [DPU_3_PIPE] |59|  ; [ORIG 16-BIT INS]
     292 0000002a 2201              MOVS      A3, #1                ; [DPU_3_PIPE] |59|  ; [ORIG 16-BIT INS]
     293                    $C$DW$31        .dwtag  DW_TAG_TI_branch
     294                            .dwattr $C$DW$31, DW_AT_low_pc(0x00)
     295                            .dwattr $C$DW$31, DW_AT_name("GPIOPinWrite")
     296                            .dwattr $C$DW$31, DW_AT_TI_call
     297                    
     298 0000002c FFFEF7FF!         BL        GPIOPinWrite          ; [DPU_3_PIPE] |59|  ; [KEEP 32-BIT INS]
     299                            ; CALL OCCURS {GPIOPinWrite }    ; [] |59| 
     300                            .dwpsn  file "../Tasks/Task_Speakerbuzz.c",line 63,column 4,is_stmt,isa 1
     301 00000030 4835              LDR       A1, $C$CON6           ; [DPU_3_PIPE] |63|  ; [ORIG 16-BIT INS]
     302 00000032 4934              LDR       A2, $C$CON5           ; [DPU_3_PIPE] |63|  ; [ORIG 16-BIT INS]
     303 00000034 4A32              LDR       A3, $C$CON4           ; [DPU_3_PIPE] |63|  ; [ORIG 16-BIT INS]
     304 00000036 6800              LDR       A1, [A1, #0]          ; [DPU_3_PIPE] |63|  ; [ORIG 16-BIT INS]
     305 00000038 6809              LDR       A2, [A2, #0]          ; [DPU_3_PIPE] |63|  ; [ORIG 16-BIT INS]
     306 0000003a 0040              LSLS      A1, A1, #1            ; [DPU_3_PIPE] |63|  ; [ORIG 16-BIT INS]
     307 0000003c F0F0FBB1          UDIV      A1, A2, A1            ; [DPU_3_PIPE] |63|  ; [KEEP 32-BIT INS]
     308 00000040 6010              STR       A1, [A3, #0]          ; [DPU_3_PIPE] |63|  ; [ORIG 16-BIT INS]
     309                            .dwpsn  file "../Tasks/Task_Speakerbuzz.c",line 64,column 4,is_stmt,isa 1
     310 00000042 4933              LDR       A2, $C$CON8           ; [DPU_3_PIPE] |64|  ; [ORIG 16-BIT INS]
     311 00000044 482E              LDR       A1, $C$CON4           ; [DPU_3_PIPE] |64|  ; [ORIG 16-BIT INS]
     312 00000046 680A              LDR       A3, [A2, #0]          ; [DPU_3_PIPE] |64|  ; [ORIG 16-BIT INS]
     313 00000048 6800              LDR       A1, [A1, #0]          ; [DPU_3_PIPE] |64|  ; [ORIG 16-BIT INS]
     314 0000004a 4930              LDR       A2, $C$CON7           ; [DPU_3_PIPE] |64|  ; [ORIG 16-BIT INS]
     315 0000004c 1880              ADDS      A1, A1, A3            ; [DPU_3_PIPE] |64|  ; [ORIG 16-BIT INS]
     316 0000004e 6008              STR       A1, [A2, #0]          ; [DPU_3_PIPE] |64|  ; [ORIG 16-BIT INS]
     317                            .dwpsn  file "../Tasks/Task_Speakerbuzz.c",line 66,column 4,is_stmt,isa 1
     318 00000050 4928              LDR       A2, $C$CON1           ; [DPU_3_PIPE] |66|  ; [ORIG 16-BIT INS]
     319 00000052 2001              MOVS      A1, #1                ; [DPU_3_PIPE] |66|  ; [ORIG 16-BIT INS]
     320 00000054 7008              STRB      A1, [A2, #0]          ; [DPU_3_PIPE] |66|  ; [ORIG 16-BIT INS]
     321                    ;* --------------------------------------------------------------------------*
     322 00000056           ||$C$L1||:    
     323                            .dwpsn  file "../Tasks/Task_Speakerbuzz.c",line 73,column 2,is_stmt,isa 1
     324 00000056 482F              LDR       A1, $C$CON9           ; [DPU_3_PIPE] |73|  ; [ORIG 16-BIT INS]
     325 00000058 7800              LDRB      A1, [A1, #0]          ; [DPU_3_PIPE] |73|  ; [ORIG 16-BIT INS]
     326 0000005a 2800              CMP       A1, #0                ; [DPU_3_PIPE] |73|  ; [ORIG 16-BIT INS]
     327 0000005c D12D              BNE       ||$C$L3||             ; [DPU_3_PIPE] |73|  ; [ORIG 16-BIT INS]
     328                            ; BRANCHCC OCCURS {||$C$L3||}    ; [] |73| 
     329                    ;* --------------------------------------------------------------------------*
     330                            .dwpsn  file "../Tasks/Task_Speakerbuzz.c",line 75,column 2,is_stmt,isa 1
TI ARM Assembler PC v15.12.1 Wed Feb 08 15:20:04 2017

Tools Copyright (c) 1996-2015 Texas Instruments Incorporated
Task_Speakerbuzz.asm                                                 PAGE    7

     331 0000005e 482B              LDR       A1, $C$CON7           ; [DPU_3_PIPE] |75|  ; [ORIG 16-BIT INS]
     332 00000060 492B              LDR       A2, $C$CON8           ; [DPU_3_PIPE] |75|  ; [ORIG 16-BIT INS]
     333 00000062 6800              LDR       A1, [A1, #0]          ; [DPU_3_PIPE] |75|  ; [ORIG 16-BIT INS]
     334 00000064 6809              LDR       A2, [A2, #0]          ; [DPU_3_PIPE] |75|  ; [ORIG 16-BIT INS]
     335 00000066 4288              CMP       A1, A2                ; [DPU_3_PIPE] |75|  ; [ORIG 16-BIT INS]
     336 00000068 D81E              BHI       ||$C$L2||             ; [DPU_3_PIPE] |75|  ; [ORIG 16-BIT INS]
     337                            ; BRANCHCC OCCURS {||$C$L2||}    ; [] |75| 
     338                    ;* --------------------------------------------------------------------------*
     339                            .dwpsn  file "../Tasks/Task_Speakerbuzz.c",line 78,column 3,is_stmt,isa 1
     340 0000006a 4827              LDR       A1, $C$CON6           ; [DPU_3_PIPE] |78|  ; [ORIG 16-BIT INS]
     341 0000006c 4925              LDR       A2, $C$CON5           ; [DPU_3_PIPE] |78|  ; [ORIG 16-BIT INS]
     342 0000006e 4A24              LDR       A3, $C$CON4           ; [DPU_3_PIPE] |78|  ; [ORIG 16-BIT INS]
     343 00000070 6800              LDR       A1, [A1, #0]          ; [DPU_3_PIPE] |78|  ; [ORIG 16-BIT INS]
     344 00000072 6809              LDR       A2, [A2, #0]          ; [DPU_3_PIPE] |78|  ; [ORIG 16-BIT INS]
     345 00000074 0040              LSLS      A1, A1, #1            ; [DPU_3_PIPE] |78|  ; [ORIG 16-BIT INS]
     346 00000076 F0F0FBB1          UDIV      A1, A2, A1            ; [DPU_3_PIPE] |78|  ; [KEEP 32-BIT INS]
     347 0000007a 6010              STR       A1, [A3, #0]          ; [DPU_3_PIPE] |78|  ; [ORIG 16-BIT INS]
     348                            .dwpsn  file "../Tasks/Task_Speakerbuzz.c",line 83,column 4,is_stmt,isa 1
     349 0000007c 481F              LDR       A1, $C$CON3           ; [DPU_3_PIPE] |83|  ; [ORIG 16-BIT INS]
     350 0000007e 2103              MOVS      A2, #3                ; [DPU_3_PIPE] |83|  ; [ORIG 16-BIT INS]
     351                    $C$DW$32        .dwtag  DW_TAG_TI_branch
     352                            .dwattr $C$DW$32, DW_AT_low_pc(0x00)
     353                            .dwattr $C$DW$32, DW_AT_name("GPIOPinRead")
     354                            .dwattr $C$DW$32, DW_AT_TI_call
     355                    
     356 00000080 FFFEF7FF!         BL        GPIOPinRead           ; [DPU_3_PIPE] |83|  ; [KEEP 32-BIT INS]
     357                            ; CALL OCCURS {GPIOPinRead }     ; [] |83| 
     358 00000084 9000              STR       A1, [SP, #0]          ; [DPU_3_PIPE] |83|  ; [ORIG 16-BIT INS]
     359                            .dwpsn  file "../Tasks/Task_Speakerbuzz.c",line 84,column 4,is_stmt,isa 1
     360 00000086 9800              LDR       A1, [SP, #0]          ; [DPU_3_PIPE] |84|  ; [ORIG 16-BIT INS]
     361 00000088 0003F080          EOR       A1, A1, #3            ; [DPU_3_PIPE] |84|  ; [KEEP 32-BIT INS]
     362 0000008c 9000              STR       A1, [SP, #0]          ; [DPU_3_PIPE] |84|  ; [ORIG 16-BIT INS]
     363                            .dwpsn  file "../Tasks/Task_Speakerbuzz.c",line 85,column 4,is_stmt,isa 1
     364 0000008e 481B              LDR       A1, $C$CON3           ; [DPU_3_PIPE] |85|  ; [ORIG 16-BIT INS]
     365 00000090 2000F89D          LDRB      A3, [SP, #0]          ; [DPU_3_PIPE] |85|  ; [KEEP 32-BIT INS]
     366 00000094 2103              MOVS      A2, #3                ; [DPU_3_PIPE] |85|  ; [ORIG 16-BIT INS]
     367                    $C$DW$33        .dwtag  DW_TAG_TI_branch
     368                            .dwattr $C$DW$33, DW_AT_low_pc(0x00)
     369                            .dwattr $C$DW$33, DW_AT_name("GPIOPinWrite")
     370                            .dwattr $C$DW$33, DW_AT_TI_call
     371                    
     372 00000096 FFFEF7FF!         BL        GPIOPinWrite          ; [DPU_3_PIPE] |85|  ; [KEEP 32-BIT INS]
     373                            ; CALL OCCURS {GPIOPinWrite }    ; [] |85| 
     374                            .dwpsn  file "../Tasks/Task_Speakerbuzz.c",line 91,column 12,is_stmt,isa 1
     375 0000009a 491D              LDR       A2, $C$CON8           ; [DPU_3_PIPE] |91|  ; [ORIG 16-BIT INS]
     376 0000009c 4818              LDR       A1, $C$CON4           ; [DPU_3_PIPE] |91|  ; [ORIG 16-BIT INS]
     377 0000009e 680A              LDR       A3, [A2, #0]          ; [DPU_3_PIPE] |91|  ; [ORIG 16-BIT INS]
     378 000000a0 6800              LDR       A1, [A1, #0]          ; [DPU_3_PIPE] |91|  ; [ORIG 16-BIT INS]
     379 000000a2 491A              LDR       A2, $C$CON7           ; [DPU_3_PIPE] |91|  ; [ORIG 16-BIT INS]
     380 000000a4 1880              ADDS      A1, A1, A3            ; [DPU_3_PIPE] |91|  ; [ORIG 16-BIT INS]
     381 000000a6 6008              STR       A1, [A2, #0]          ; [DPU_3_PIPE] |91|  ; [ORIG 16-BIT INS]
     382                    ;* --------------------------------------------------------------------------*
     383 000000a8           ||$C$L2||:    
     384                            .dwpsn  file "../Tasks/Task_Speakerbuzz.c",line 96,column 2,is_stmt,isa 1
     385 000000a8 481B              LDR       A1, $C$CON10          ; [DPU_3_PIPE] |96|  ; [ORIG 16-BIT INS]
TI ARM Assembler PC v15.12.1 Wed Feb 08 15:20:04 2017

Tools Copyright (c) 1996-2015 Texas Instruments Incorporated
Task_Speakerbuzz.asm                                                 PAGE    8

     386 000000aa 4919              LDR       A2, $C$CON8           ; [DPU_3_PIPE] |96|  ; [ORIG 16-BIT INS]
     387 000000ac 6800              LDR       A1, [A1, #0]          ; [DPU_3_PIPE] |96|  ; [ORIG 16-BIT INS]
     388 000000ae 6809              LDR       A2, [A2, #0]          ; [DPU_3_PIPE] |96|  ; [ORIG 16-BIT INS]
     389 000000b0 4288              CMP       A1, A2                ; [DPU_3_PIPE] |96|  ; [ORIG 16-BIT INS]
     390 000000b2 D802              BHI       ||$C$L3||             ; [DPU_3_PIPE] |96|  ; [ORIG 16-BIT INS]
     391                            ; BRANCHCC OCCURS {||$C$L3||}    ; [] |96| 
     392                    ;* --------------------------------------------------------------------------*
     393                            .dwpsn  file "../Tasks/Task_Speakerbuzz.c",line 98,column 3,is_stmt,isa 1
     394 000000b4 4917              LDR       A2, $C$CON9           ; [DPU_3_PIPE] |98|  ; [ORIG 16-BIT INS]
     395 000000b6 2001              MOVS      A1, #1                ; [DPU_3_PIPE] |98|  ; [ORIG 16-BIT INS]
     396 000000b8 7008              STRB      A1, [A2, #0]          ; [DPU_3_PIPE] |98|  ; [ORIG 16-BIT INS]
     397                            .dwpsn  file "../Tasks/Task_Speakerbuzz.c",line 101,column 1,is_stmt,isa 1
     398                    ;* --------------------------------------------------------------------------*
     399                    ||$C$L3||:    
     400                    $C$DW$34        .dwtag  DW_TAG_TI_branch
     401                            .dwattr $C$DW$34, DW_AT_low_pc(0x00)
     402                            .dwattr $C$DW$34, DW_AT_TI_return
     403                    
     404 000000ba BD08              POP       {A4, PC}              ; [DPU_3_PIPE]  ; [ORIG 16-BIT INS]
     405                            .dwcfi  cfa_offset, 0
     406                            ; BRANCH OCCURS                  ; [] 
     407                            .dwattr $C$DW$26, DW_AT_TI_end_file("../Tasks/Task_Speakerbuzz.c")
     408                            .dwattr $C$DW$26, DW_AT_TI_end_line(0x65)
     409                            .dwattr $C$DW$26, DW_AT_TI_end_column(0x01)
     410                            .dwendentry
     411                            .dwendtag $C$DW$26
     412                    
     413 000000bc                   .sect   ".text"
     414                            .clink
     415                            .thumbfunc Task_SpeakerVarSet
     416 000000bc                   .thumb
     417                            .global Task_SpeakerVarSet
     418                    
     419                    $C$DW$35        .dwtag  DW_TAG_subprogram
     420                            .dwattr $C$DW$35, DW_AT_name("Task_SpeakerVarSet")
     421                            .dwattr $C$DW$35, DW_AT_low_pc(Task_SpeakerVarSet)
     422                            .dwattr $C$DW$35, DW_AT_high_pc(0x00)
     423                            .dwattr $C$DW$35, DW_AT_TI_symbol_name("Task_SpeakerVarSet")
     424                            .dwattr $C$DW$35, DW_AT_external
     425                            .dwattr $C$DW$35, DW_AT_TI_begin_file("../Tasks/Task_Speakerbuzz.c")
     426                            .dwattr $C$DW$35, DW_AT_TI_begin_line(0x67)
     427                            .dwattr $C$DW$35, DW_AT_TI_begin_column(0x0d)
     428                            .dwattr $C$DW$35, DW_AT_decl_file("../Tasks/Task_Speakerbuzz.c")
     429                            .dwattr $C$DW$35, DW_AT_decl_line(0x67)
     430                            .dwattr $C$DW$35, DW_AT_decl_column(0x0d)
     431                            .dwattr $C$DW$35, DW_AT_TI_max_frame_size(0x18)
     432                            .dwpsn  file "../Tasks/Task_Speakerbuzz.c",line 104,column 1,is_stmt,address Task_SpeakerVarSe
     433                    
     434                            .dwfde $C$DW$CIE, Task_SpeakerVarSet
     435                    $C$DW$36        .dwtag  DW_TAG_formal_parameter
     436                            .dwattr $C$DW$36, DW_AT_name("state")
     437                            .dwattr $C$DW$36, DW_AT_TI_symbol_name("state")
     438                            .dwattr $C$DW$36, DW_AT_type(*$C$DW$T$29)
     439                            .dwattr $C$DW$36, DW_AT_location[DW_OP_reg0]
     440                    
TI ARM Assembler PC v15.12.1 Wed Feb 08 15:20:04 2017

Tools Copyright (c) 1996-2015 Texas Instruments Incorporated
Task_Speakerbuzz.asm                                                 PAGE    9

     441                    $C$DW$37        .dwtag  DW_TAG_formal_parameter
     442                            .dwattr $C$DW$37, DW_AT_name("selectedFrequency")
     443                            .dwattr $C$DW$37, DW_AT_TI_symbol_name("selectedFrequency")
     444                            .dwattr $C$DW$37, DW_AT_type(*$C$DW$T$29)
     445                            .dwattr $C$DW$37, DW_AT_location[DW_OP_reg1]
     446                    
     447                    $C$DW$38        .dwtag  DW_TAG_formal_parameter
     448                            .dwattr $C$DW$38, DW_AT_name("selectedTime")
     449                            .dwattr $C$DW$38, DW_AT_TI_symbol_name("selectedTime")
     450                            .dwattr $C$DW$38, DW_AT_type(*$C$DW$T$29)
     451                            .dwattr $C$DW$38, DW_AT_location[DW_OP_reg2]
     452                    
     453                    
     454                    ;*****************************************************************************
     455                    ;* FUNCTION NAME: Task_SpeakerVarSet                                         *
     456                    ;*                                                                           *
     457                    ;*   Regs Modified     : A1,A2,A3,A4,V1,SP,SR                                *
     458                    ;*   Regs Used         : A1,A2,A3,A4,V1,SP,LR,SR                             *
     459                    ;*   Local Frame Size  : 0 Args + 12 Auto + 8 Save = 20 byte                 *
     460                    ;*****************************************************************************
     461 000000bc           Task_SpeakerVarSet:
     462                    ;* --------------------------------------------------------------------------*
     463                            .dwcfi  cfa_offset, 0
     464 000000bc B51F              PUSH      {A1, A2, A3, A4, V1, LR} ; [DPU_3_PIPE]  ; [ORIG 16-BIT INS]
     465                            .dwcfi  cfa_offset, 24
     466                            .dwcfi  save_reg_to_mem, 14, -4
     467                            .dwcfi  save_reg_to_mem, 4, -8
     468                            .dwcfi  save_reg_to_mem, 3, -12
     469                            .dwcfi  save_reg_to_mem, 2, -16
     470                            .dwcfi  save_reg_to_mem, 1, -20
     471                            .dwcfi  save_reg_to_mem, 0, -24
     472                    $C$DW$39        .dwtag  DW_TAG_variable
     473                            .dwattr $C$DW$39, DW_AT_name("state")
     474                            .dwattr $C$DW$39, DW_AT_TI_symbol_name("state")
     475                            .dwattr $C$DW$39, DW_AT_type(*$C$DW$T$29)
     476                            .dwattr $C$DW$39, DW_AT_location[DW_OP_breg13 0]
     477                    
     478                    $C$DW$40        .dwtag  DW_TAG_variable
     479                            .dwattr $C$DW$40, DW_AT_name("selectedFrequency")
     480                            .dwattr $C$DW$40, DW_AT_TI_symbol_name("selectedFrequency")
     481                            .dwattr $C$DW$40, DW_AT_type(*$C$DW$T$29)
     482                            .dwattr $C$DW$40, DW_AT_location[DW_OP_breg13 4]
     483                    
     484                    $C$DW$41        .dwtag  DW_TAG_variable
     485                            .dwattr $C$DW$41, DW_AT_name("selectedTime")
     486                            .dwattr $C$DW$41, DW_AT_TI_symbol_name("selectedTime")
     487                            .dwattr $C$DW$41, DW_AT_type(*$C$DW$T$29)
     488                            .dwattr $C$DW$41, DW_AT_location[DW_OP_breg13 8]
     489                    
     490 000000be 9202              STR       A3, [SP, #8]          ; [DPU_3_PIPE] |104|  ; [ORIG 16-BIT INS]
     491 000000c0 9101              STR       A2, [SP, #4]          ; [DPU_3_PIPE] |104|  ; [ORIG 16-BIT INS]
     492 000000c2 9000              STR       A1, [SP, #0]          ; [DPU_3_PIPE] |104|  ; [ORIG 16-BIT INS]
     493                            .dwpsn  file "../Tasks/Task_Speakerbuzz.c",line 105,column 2,is_stmt,isa 1
     494 000000c4 9800              LDR       A1, [SP, #0]          ; [DPU_3_PIPE] |105|  ; [ORIG 16-BIT INS]
     495 000000c6 2801              CMP       A1, #1                ; [DPU_3_PIPE] |105|  ; [ORIG 16-BIT INS]
TI ARM Assembler PC v15.12.1 Wed Feb 08 15:20:04 2017

Tools Copyright (c) 1996-2015 Texas Instruments Incorporated
Task_Speakerbuzz.asm                                                 PAGE   10

     496 000000c8 D112              BNE       ||$C$L4||             ; [DPU_3_PIPE] |105|  ; [ORIG 16-BIT INS]
     497                            ; BRANCHCC OCCURS {||$C$L4||}    ; [] |105| 
     498                    ;* --------------------------------------------------------------------------*
     499                            .dwpsn  file "../Tasks/Task_Speakerbuzz.c",line 107,column 3,is_stmt,isa 1
     500 000000ca 9801              LDR       A1, [SP, #4]          ; [DPU_3_PIPE] |107|  ; [ORIG 16-BIT INS]
     501 000000cc 490E              LDR       A2, $C$CON6           ; [DPU_3_PIPE] |107|  ; [ORIG 16-BIT INS]
     502 000000ce 6008              STR       A1, [A2, #0]          ; [DPU_3_PIPE] |107|  ; [ORIG 16-BIT INS]
     503                            .dwpsn  file "../Tasks/Task_Speakerbuzz.c",line 108,column 3,is_stmt,isa 1
     504 000000d0 490F              LDR       A2, $C$CON8           ; [DPU_3_PIPE] |108|  ; [ORIG 16-BIT INS]
     505 000000d2 480C              LDR       A1, $C$CON5           ; [DPU_3_PIPE] |108|  ; [ORIG 16-BIT INS]
     506 000000d4 9B02              LDR       A4, [SP, #8]          ; [DPU_3_PIPE] |108|  ; [ORIG 16-BIT INS]
     507 000000d6 680A              LDR       A3, [A2, #0]          ; [DPU_3_PIPE] |108|  ; [ORIG 16-BIT INS]
     508 000000d8 6800              LDR       A1, [A1, #0]          ; [DPU_3_PIPE] |108|  ; [ORIG 16-BIT INS]
     509 000000da 490F              LDR       A2, $C$CON10          ; [DPU_3_PIPE] |108|  ; [ORIG 16-BIT INS]
     510 000000dc 747AF44F          MOV       V1, #1000             ; [DPU_3_PIPE] |108|  ; [KEEP 32-BIT INS]
     511 000000e0 4358              MULS      A1, A1, A4            ; [DPU_3_PIPE] |108|  ; [ORIG 16-BIT INS]
     512 000000e2 F0F4FBB0          UDIV      A1, A1, V1            ; [DPU_3_PIPE] |108|  ; [KEEP 32-BIT INS]
     513 000000e6 1880              ADDS      A1, A1, A3            ; [DPU_3_PIPE] |108|  ; [ORIG 16-BIT INS]
     514 000000e8 6008              STR       A1, [A2, #0]          ; [DPU_3_PIPE] |108|  ; [ORIG 16-BIT INS]
     515                            .dwpsn  file "../Tasks/Task_Speakerbuzz.c",line 109,column 3,is_stmt,isa 1
     516 000000ea 490A              LDR       A2, $C$CON9           ; [DPU_3_PIPE] |109|  ; [ORIG 16-BIT INS]
     517 000000ec 2000              MOVS      A1, #0                ; [DPU_3_PIPE] |109|  ; [ORIG 16-BIT INS]
     518 000000ee 7008              STRB      A1, [A2, #0]          ; [DPU_3_PIPE] |109|  ; [ORIG 16-BIT INS]
     519                            .dwpsn  file "../Tasks/Task_Speakerbuzz.c",line 112,column 1,is_stmt,isa 1
     520                    ;* --------------------------------------------------------------------------*
     521 000000f0           ||$C$L4||:    
     522 000000f0 9000              STR       A1, [SP, #0]          ; [DPU_3_PIPE]  ; [ORIG 16-BIT INS]
     523                    $C$DW$42        .dwtag  DW_TAG_TI_branch
     524                            .dwattr $C$DW$42, DW_AT_low_pc(0x00)
     525                            .dwattr $C$DW$42, DW_AT_TI_return
     526                    
     527 000000f2 BD1F              POP       {A1, A2, A3, A4, V1, PC} ; [DPU_3_PIPE]  ; [ORIG 16-BIT INS]
     528                            .dwcfi  cfa_offset, 0
     529                            ; BRANCH OCCURS                  ; [] 
     530                            .dwattr $C$DW$35, DW_AT_TI_end_file("../Tasks/Task_Speakerbuzz.c")
     531                            .dwattr $C$DW$35, DW_AT_TI_end_line(0x70)
     532                            .dwattr $C$DW$35, DW_AT_TI_end_column(0x01)
     533                            .dwendentry
     534                            .dwendtag $C$DW$35
     535                    
     536                    ;******************************************************************************
     537                    ;* CONSTANT TABLE                                                             *
     538                    ;******************************************************************************
     539 000000f4                   .sect   ".text"
     540                            .align  4
     541 000000f4 00000000! ||$C$CON1||:    .bits   Task_Speakerbuzz_Initialized,32
     542                            .align  4
     543 000000f8 20000080  ||$C$CON2||:    .bits   536871040,32
     544                            .align  4
     545 000000fc 40027000  ||$C$CON3||:    .bits   1073901568,32
     546                            .align  4
     547 00000100 00000000! ||$C$CON4||:    .bits   Task_Speakerbuzz_DeltaExecute,32
     548                            .align  4
     549 00000104 00000000! ||$C$CON5||:    .bits   SysTickFrequency_Nbr,32
     550                            .align  4
TI ARM Assembler PC v15.12.1 Wed Feb 08 15:20:04 2017

Tools Copyright (c) 1996-2015 Texas Instruments Incorporated
Task_Speakerbuzz.asm                                                 PAGE   11

     551 00000108 00000000! ||$C$CON6||:    .bits   Task_Speakerbuzz_Frequency,32
     552                            .align  4
     553 0000010c 00000000! ||$C$CON7||:    .bits   Task_Speakerbuzz_NextExecute,32
     554                            .align  4
     555 00000110 00000000! ||$C$CON8||:    .bits   SysTickCount_Nbr,32
     556                            .align  4
     557 00000114 00000000! ||$C$CON9||:    .bits   SpeakState,32
     558                            .align  4
     559 00000118 00000000! ||$C$CON10||:   .bits   Task_Speakerbuzz_timeToTurnOff,32
     560                    ;*****************************************************************************
     561                    ;* UNDEFINED EXTERNAL REFERENCES                                             *
     562                    ;*****************************************************************************
     563                            .global SysCtlPeripheralEnable
     564                            .global GPIOPadConfigSet
     565                            .global GPIOPinRead
     566                            .global GPIOPinWrite
     567                            .global GPIOPinTypeGPIOOutput
     568                            .global SysTickFrequency_Nbr
     569                            .global SysTickCount_Nbr
     570                    
     571                    ;******************************************************************************
     572                    ;* BUILD ATTRIBUTES                                                           *
     573                    ;******************************************************************************
     574                            .battr "aeabi", Tag_File, 1, Tag_ABI_PCS_wchar_t(2)
     575                            .battr "aeabi", Tag_File, 1, Tag_ABI_FP_rounding(0)
     576                            .battr "aeabi", Tag_File, 1, Tag_ABI_FP_denormal(0)
     577                            .battr "aeabi", Tag_File, 1, Tag_ABI_FP_exceptions(0)
     578                            .battr "aeabi", Tag_File, 1, Tag_ABI_FP_number_model(1)
     579                            .battr "aeabi", Tag_File, 1, Tag_ABI_enum_size(1)
     580                            .battr "aeabi", Tag_File, 1, Tag_ABI_optimization_goals(5)
     581                            .battr "aeabi", Tag_File, 1, Tag_ABI_FP_optimization_goals(0)
     582                            .battr "TI", Tag_File, 1, Tag_Bitfield_layout(2)
     583                            .battr "TI", Tag_File, 1, Tag_FP_interface(1)
     584                    
     585                    ;******************************************************************************
     586                    ;* TYPE INFORMATION                                                           *
     587                    ;******************************************************************************
     588                    $C$DW$T$2       .dwtag  DW_TAG_unspecified_type
     589                            .dwattr $C$DW$T$2, DW_AT_name("void")
     590                    
     591                    $C$DW$T$3       .dwtag  DW_TAG_pointer_type
     592                            .dwattr $C$DW$T$3, DW_AT_type(*$C$DW$T$2)
     593                            .dwattr $C$DW$T$3, DW_AT_address_class(0x20)
     594                    
     595                    $C$DW$T$4       .dwtag  DW_TAG_base_type
     596                            .dwattr $C$DW$T$4, DW_AT_encoding(DW_ATE_boolean)
     597                            .dwattr $C$DW$T$4, DW_AT_name("bool")
     598                            .dwattr $C$DW$T$4, DW_AT_byte_size(0x01)
     599                    
     600                    $C$DW$T$5       .dwtag  DW_TAG_base_type
     601                            .dwattr $C$DW$T$5, DW_AT_encoding(DW_ATE_signed_char)
     602                            .dwattr $C$DW$T$5, DW_AT_name("signed char")
     603                            .dwattr $C$DW$T$5, DW_AT_byte_size(0x01)
     604                    
     605                    $C$DW$T$31      .dwtag  DW_TAG_typedef
TI ARM Assembler PC v15.12.1 Wed Feb 08 15:20:04 2017

Tools Copyright (c) 1996-2015 Texas Instruments Incorporated
Task_Speakerbuzz.asm                                                 PAGE   12

     606                            .dwattr $C$DW$T$31, DW_AT_name("int8_t")
     607                            .dwattr $C$DW$T$31, DW_AT_type(*$C$DW$T$5)
     608                            .dwattr $C$DW$T$31, DW_AT_language(DW_LANG_C)
     609                            .dwattr $C$DW$T$31, DW_AT_decl_file("C:/TI_CodeComposer/ccsv6/tools/compiler/ti-cgt-arm_15.12.
     610                            .dwattr $C$DW$T$31, DW_AT_decl_line(0x2a)
     611                            .dwattr $C$DW$T$31, DW_AT_decl_column(0x1d)
     612                    
     613                    $C$DW$T$32      .dwtag  DW_TAG_typedef
     614                            .dwattr $C$DW$T$32, DW_AT_name("int_least8_t")
     615                            .dwattr $C$DW$T$32, DW_AT_type(*$C$DW$T$31)
     616                            .dwattr $C$DW$T$32, DW_AT_language(DW_LANG_C)
     617                            .dwattr $C$DW$T$32, DW_AT_decl_file("C:/TI_CodeComposer/ccsv6/tools/compiler/ti-cgt-arm_15.12.
     618                            .dwattr $C$DW$T$32, DW_AT_decl_line(0x37)
     619                            .dwattr $C$DW$T$32, DW_AT_decl_column(0x17)
     620                    
     621                    $C$DW$T$6       .dwtag  DW_TAG_base_type
     622                            .dwattr $C$DW$T$6, DW_AT_encoding(DW_ATE_unsigned_char)
     623                            .dwattr $C$DW$T$6, DW_AT_name("unsigned char")
     624                            .dwattr $C$DW$T$6, DW_AT_byte_size(0x01)
     625                    
     626                    $C$DW$T$33      .dwtag  DW_TAG_typedef
     627                            .dwattr $C$DW$T$33, DW_AT_name("tBoolean")
     628                            .dwattr $C$DW$T$33, DW_AT_type(*$C$DW$T$6)
     629                            .dwattr $C$DW$T$33, DW_AT_language(DW_LANG_C)
     630                            .dwattr $C$DW$T$33, DW_AT_decl_file("C:/TI_CodeComposer/StellarisWare-LM3S1968/inc/hw_types.h"
     631                            .dwattr $C$DW$T$33, DW_AT_decl_line(0x30)
     632                            .dwattr $C$DW$T$33, DW_AT_decl_column(0x17)
     633                    
     634                    $C$DW$T$34      .dwtag  DW_TAG_typedef
     635                            .dwattr $C$DW$T$34, DW_AT_name("uint8_t")
     636                            .dwattr $C$DW$T$34, DW_AT_type(*$C$DW$T$6)
     637                            .dwattr $C$DW$T$34, DW_AT_language(DW_LANG_C)
     638                            .dwattr $C$DW$T$34, DW_AT_decl_file("C:/TI_CodeComposer/ccsv6/tools/compiler/ti-cgt-arm_15.12.
     639                            .dwattr $C$DW$T$34, DW_AT_decl_line(0x2b)
     640                            .dwattr $C$DW$T$34, DW_AT_decl_column(0x1c)
     641                    
     642                    $C$DW$T$35      .dwtag  DW_TAG_typedef
     643                            .dwattr $C$DW$T$35, DW_AT_name("uint_least8_t")
     644                            .dwattr $C$DW$T$35, DW_AT_type(*$C$DW$T$34)
     645                            .dwattr $C$DW$T$35, DW_AT_language(DW_LANG_C)
     646                            .dwattr $C$DW$T$35, DW_AT_decl_file("C:/TI_CodeComposer/ccsv6/tools/compiler/ti-cgt-arm_15.12.
     647                            .dwattr $C$DW$T$35, DW_AT_decl_line(0x38)
     648                            .dwattr $C$DW$T$35, DW_AT_decl_column(0x16)
     649                    
     650                    $C$DW$T$7       .dwtag  DW_TAG_base_type
     651                            .dwattr $C$DW$T$7, DW_AT_encoding(DW_ATE_signed_char)
     652                            .dwattr $C$DW$T$7, DW_AT_name("wchar_t")
     653                            .dwattr $C$DW$T$7, DW_AT_byte_size(0x02)
     654                    
     655                    $C$DW$T$8       .dwtag  DW_TAG_base_type
     656                            .dwattr $C$DW$T$8, DW_AT_encoding(DW_ATE_signed)
     657                            .dwattr $C$DW$T$8, DW_AT_name("short")
     658                            .dwattr $C$DW$T$8, DW_AT_byte_size(0x02)
     659                    
     660                    $C$DW$T$36      .dwtag  DW_TAG_typedef
TI ARM Assembler PC v15.12.1 Wed Feb 08 15:20:04 2017

Tools Copyright (c) 1996-2015 Texas Instruments Incorporated
Task_Speakerbuzz.asm                                                 PAGE   13

     661                            .dwattr $C$DW$T$36, DW_AT_name("int16_t")
     662                            .dwattr $C$DW$T$36, DW_AT_type(*$C$DW$T$8)
     663                            .dwattr $C$DW$T$36, DW_AT_language(DW_LANG_C)
     664                            .dwattr $C$DW$T$36, DW_AT_decl_file("C:/TI_CodeComposer/ccsv6/tools/compiler/ti-cgt-arm_15.12.
     665                            .dwattr $C$DW$T$36, DW_AT_decl_line(0x2c)
     666                            .dwattr $C$DW$T$36, DW_AT_decl_column(0x1d)
     667                    
     668                    $C$DW$T$37      .dwtag  DW_TAG_typedef
     669                            .dwattr $C$DW$T$37, DW_AT_name("int_least16_t")
     670                            .dwattr $C$DW$T$37, DW_AT_type(*$C$DW$T$36)
     671                            .dwattr $C$DW$T$37, DW_AT_language(DW_LANG_C)
     672                            .dwattr $C$DW$T$37, DW_AT_decl_file("C:/TI_CodeComposer/ccsv6/tools/compiler/ti-cgt-arm_15.12.
     673                            .dwattr $C$DW$T$37, DW_AT_decl_line(0x3a)
     674                            .dwattr $C$DW$T$37, DW_AT_decl_column(0x17)
     675                    
     676                    $C$DW$T$9       .dwtag  DW_TAG_base_type
     677                            .dwattr $C$DW$T$9, DW_AT_encoding(DW_ATE_unsigned)
     678                            .dwattr $C$DW$T$9, DW_AT_name("unsigned short")
     679                            .dwattr $C$DW$T$9, DW_AT_byte_size(0x02)
     680                    
     681                    $C$DW$T$38      .dwtag  DW_TAG_typedef
     682                            .dwattr $C$DW$T$38, DW_AT_name("uint16_t")
     683                            .dwattr $C$DW$T$38, DW_AT_type(*$C$DW$T$9)
     684                            .dwattr $C$DW$T$38, DW_AT_language(DW_LANG_C)
     685                            .dwattr $C$DW$T$38, DW_AT_decl_file("C:/TI_CodeComposer/ccsv6/tools/compiler/ti-cgt-arm_15.12.
     686                            .dwattr $C$DW$T$38, DW_AT_decl_line(0x2d)
     687                            .dwattr $C$DW$T$38, DW_AT_decl_column(0x1c)
     688                    
     689                    $C$DW$T$39      .dwtag  DW_TAG_typedef
     690                            .dwattr $C$DW$T$39, DW_AT_name("uint_least16_t")
     691                            .dwattr $C$DW$T$39, DW_AT_type(*$C$DW$T$38)
     692                            .dwattr $C$DW$T$39, DW_AT_language(DW_LANG_C)
     693                            .dwattr $C$DW$T$39, DW_AT_decl_file("C:/TI_CodeComposer/ccsv6/tools/compiler/ti-cgt-arm_15.12.
     694                            .dwattr $C$DW$T$39, DW_AT_decl_line(0x3b)
     695                            .dwattr $C$DW$T$39, DW_AT_decl_column(0x16)
     696                    
     697                    $C$DW$T$40      .dwtag  DW_TAG_typedef
     698                            .dwattr $C$DW$T$40, DW_AT_name("wchar_t")
     699                            .dwattr $C$DW$T$40, DW_AT_type(*$C$DW$T$9)
     700                            .dwattr $C$DW$T$40, DW_AT_language(DW_LANG_C)
     701                            .dwattr $C$DW$T$40, DW_AT_decl_file("C:/TI_CodeComposer/ccsv6/tools/compiler/ti-cgt-arm_15.12.
     702                            .dwattr $C$DW$T$40, DW_AT_decl_line(0x41)
     703                            .dwattr $C$DW$T$40, DW_AT_decl_column(0x1a)
     704                    
     705                    $C$DW$T$10      .dwtag  DW_TAG_base_type
     706                            .dwattr $C$DW$T$10, DW_AT_encoding(DW_ATE_signed)
     707                            .dwattr $C$DW$T$10, DW_AT_name("int")
     708                            .dwattr $C$DW$T$10, DW_AT_byte_size(0x04)
     709                    
     710                    $C$DW$T$41      .dwtag  DW_TAG_typedef
     711                            .dwattr $C$DW$T$41, DW_AT_name("int32_t")
     712                            .dwattr $C$DW$T$41, DW_AT_type(*$C$DW$T$10)
     713                            .dwattr $C$DW$T$41, DW_AT_language(DW_LANG_C)
     714                            .dwattr $C$DW$T$41, DW_AT_decl_file("C:/TI_CodeComposer/ccsv6/tools/compiler/ti-cgt-arm_15.12.
     715                            .dwattr $C$DW$T$41, DW_AT_decl_line(0x2e)
TI ARM Assembler PC v15.12.1 Wed Feb 08 15:20:04 2017

Tools Copyright (c) 1996-2015 Texas Instruments Incorporated
Task_Speakerbuzz.asm                                                 PAGE   14

     716                            .dwattr $C$DW$T$41, DW_AT_decl_column(0x1d)
     717                    
     718                    $C$DW$T$42      .dwtag  DW_TAG_typedef
     719                            .dwattr $C$DW$T$42, DW_AT_name("int_fast16_t")
     720                            .dwattr $C$DW$T$42, DW_AT_type(*$C$DW$T$41)
     721                            .dwattr $C$DW$T$42, DW_AT_language(DW_LANG_C)
     722                            .dwattr $C$DW$T$42, DW_AT_decl_file("C:/TI_CodeComposer/ccsv6/tools/compiler/ti-cgt-arm_15.12.
     723                            .dwattr $C$DW$T$42, DW_AT_decl_line(0x47)
     724                            .dwattr $C$DW$T$42, DW_AT_decl_column(0x17)
     725                    
     726                    $C$DW$T$43      .dwtag  DW_TAG_typedef
     727                            .dwattr $C$DW$T$43, DW_AT_name("int_fast32_t")
     728                            .dwattr $C$DW$T$43, DW_AT_type(*$C$DW$T$41)
     729                            .dwattr $C$DW$T$43, DW_AT_language(DW_LANG_C)
     730                            .dwattr $C$DW$T$43, DW_AT_decl_file("C:/TI_CodeComposer/ccsv6/tools/compiler/ti-cgt-arm_15.12.
     731                            .dwattr $C$DW$T$43, DW_AT_decl_line(0x4a)
     732                            .dwattr $C$DW$T$43, DW_AT_decl_column(0x17)
     733                    
     734                    $C$DW$T$44      .dwtag  DW_TAG_typedef
     735                            .dwattr $C$DW$T$44, DW_AT_name("int_fast8_t")
     736                            .dwattr $C$DW$T$44, DW_AT_type(*$C$DW$T$41)
     737                            .dwattr $C$DW$T$44, DW_AT_language(DW_LANG_C)
     738                            .dwattr $C$DW$T$44, DW_AT_decl_file("C:/TI_CodeComposer/ccsv6/tools/compiler/ti-cgt-arm_15.12.
     739                            .dwattr $C$DW$T$44, DW_AT_decl_line(0x45)
     740                            .dwattr $C$DW$T$44, DW_AT_decl_column(0x17)
     741                    
     742                    $C$DW$T$45      .dwtag  DW_TAG_typedef
     743                            .dwattr $C$DW$T$45, DW_AT_name("int_least32_t")
     744                            .dwattr $C$DW$T$45, DW_AT_type(*$C$DW$T$41)
     745                            .dwattr $C$DW$T$45, DW_AT_language(DW_LANG_C)
     746                            .dwattr $C$DW$T$45, DW_AT_decl_file("C:/TI_CodeComposer/ccsv6/tools/compiler/ti-cgt-arm_15.12.
     747                            .dwattr $C$DW$T$45, DW_AT_decl_line(0x3c)
     748                            .dwattr $C$DW$T$45, DW_AT_decl_column(0x17)
     749                    
     750                    $C$DW$T$46      .dwtag  DW_TAG_typedef
     751                            .dwattr $C$DW$T$46, DW_AT_name("intptr_t")
     752                            .dwattr $C$DW$T$46, DW_AT_type(*$C$DW$T$10)
     753                            .dwattr $C$DW$T$46, DW_AT_language(DW_LANG_C)
     754                            .dwattr $C$DW$T$46, DW_AT_decl_file("C:/TI_CodeComposer/ccsv6/tools/compiler/ti-cgt-arm_15.12.
     755                            .dwattr $C$DW$T$46, DW_AT_decl_line(0x52)
     756                            .dwattr $C$DW$T$46, DW_AT_decl_column(0x1a)
     757                    
     758                    $C$DW$T$47      .dwtag  DW_TAG_typedef
     759                            .dwattr $C$DW$T$47, DW_AT_name("ptrdiff_t")
     760                            .dwattr $C$DW$T$47, DW_AT_type(*$C$DW$T$10)
     761                            .dwattr $C$DW$T$47, DW_AT_language(DW_LANG_C)
     762                            .dwattr $C$DW$T$47, DW_AT_decl_file("C:/TI_CodeComposer/ccsv6/tools/compiler/ti-cgt-arm_15.12.
     763                            .dwattr $C$DW$T$47, DW_AT_decl_line(0x36)
     764                            .dwattr $C$DW$T$47, DW_AT_decl_column(0x1c)
     765                    
     766                    $C$DW$T$11      .dwtag  DW_TAG_base_type
     767                            .dwattr $C$DW$T$11, DW_AT_encoding(DW_ATE_unsigned)
     768                            .dwattr $C$DW$T$11, DW_AT_name("unsigned int")
     769                            .dwattr $C$DW$T$11, DW_AT_byte_size(0x04)
     770                    
TI ARM Assembler PC v15.12.1 Wed Feb 08 15:20:04 2017

Tools Copyright (c) 1996-2015 Texas Instruments Incorporated
Task_Speakerbuzz.asm                                                 PAGE   15

     771                    $C$DW$T$48      .dwtag  DW_TAG_typedef
     772                            .dwattr $C$DW$T$48, DW_AT_name("size_t")
     773                            .dwattr $C$DW$T$48, DW_AT_type(*$C$DW$T$11)
     774                            .dwattr $C$DW$T$48, DW_AT_language(DW_LANG_C)
     775                            .dwattr $C$DW$T$48, DW_AT_decl_file("C:/TI_CodeComposer/ccsv6/tools/compiler/ti-cgt-arm_15.12.
     776                            .dwattr $C$DW$T$48, DW_AT_decl_line(0x3a)
     777                            .dwattr $C$DW$T$48, DW_AT_decl_column(0x19)
     778                    
     779                    $C$DW$T$29      .dwtag  DW_TAG_typedef
     780                            .dwattr $C$DW$T$29, DW_AT_name("uint32_t")
     781                            .dwattr $C$DW$T$29, DW_AT_type(*$C$DW$T$11)
     782                            .dwattr $C$DW$T$29, DW_AT_language(DW_LANG_C)
     783                            .dwattr $C$DW$T$29, DW_AT_decl_file("C:/TI_CodeComposer/ccsv6/tools/compiler/ti-cgt-arm_15.12.
     784                            .dwattr $C$DW$T$29, DW_AT_decl_line(0x2f)
     785                            .dwattr $C$DW$T$29, DW_AT_decl_column(0x1c)
     786                    
     787                    $C$DW$T$49      .dwtag  DW_TAG_typedef
     788                            .dwattr $C$DW$T$49, DW_AT_name("uint_fast16_t")
     789                            .dwattr $C$DW$T$49, DW_AT_type(*$C$DW$T$29)
     790                            .dwattr $C$DW$T$49, DW_AT_language(DW_LANG_C)
     791                            .dwattr $C$DW$T$49, DW_AT_decl_file("C:/TI_CodeComposer/ccsv6/tools/compiler/ti-cgt-arm_15.12.
     792                            .dwattr $C$DW$T$49, DW_AT_decl_line(0x48)
     793                            .dwattr $C$DW$T$49, DW_AT_decl_column(0x16)
     794                    
     795                    $C$DW$T$50      .dwtag  DW_TAG_typedef
     796                            .dwattr $C$DW$T$50, DW_AT_name("uint_fast32_t")
     797                            .dwattr $C$DW$T$50, DW_AT_type(*$C$DW$T$29)
     798                            .dwattr $C$DW$T$50, DW_AT_language(DW_LANG_C)
     799                            .dwattr $C$DW$T$50, DW_AT_decl_file("C:/TI_CodeComposer/ccsv6/tools/compiler/ti-cgt-arm_15.12.
     800                            .dwattr $C$DW$T$50, DW_AT_decl_line(0x4b)
     801                            .dwattr $C$DW$T$50, DW_AT_decl_column(0x16)
     802                    
     803                    $C$DW$T$51      .dwtag  DW_TAG_typedef
     804                            .dwattr $C$DW$T$51, DW_AT_name("uint_fast8_t")
     805                            .dwattr $C$DW$T$51, DW_AT_type(*$C$DW$T$29)
     806                            .dwattr $C$DW$T$51, DW_AT_language(DW_LANG_C)
     807                            .dwattr $C$DW$T$51, DW_AT_decl_file("C:/TI_CodeComposer/ccsv6/tools/compiler/ti-cgt-arm_15.12.
     808                            .dwattr $C$DW$T$51, DW_AT_decl_line(0x46)
     809                            .dwattr $C$DW$T$51, DW_AT_decl_column(0x16)
     810                    
     811                    $C$DW$T$52      .dwtag  DW_TAG_typedef
     812                            .dwattr $C$DW$T$52, DW_AT_name("uint_least32_t")
     813                            .dwattr $C$DW$T$52, DW_AT_type(*$C$DW$T$29)
     814                            .dwattr $C$DW$T$52, DW_AT_language(DW_LANG_C)
     815                            .dwattr $C$DW$T$52, DW_AT_decl_file("C:/TI_CodeComposer/ccsv6/tools/compiler/ti-cgt-arm_15.12.
     816                            .dwattr $C$DW$T$52, DW_AT_decl_line(0x3d)
     817                            .dwattr $C$DW$T$52, DW_AT_decl_column(0x16)
     818                    
     819                    $C$DW$T$53      .dwtag  DW_TAG_typedef
     820                            .dwattr $C$DW$T$53, DW_AT_name("uintptr_t")
     821                            .dwattr $C$DW$T$53, DW_AT_type(*$C$DW$T$11)
     822                            .dwattr $C$DW$T$53, DW_AT_language(DW_LANG_C)
     823                            .dwattr $C$DW$T$53, DW_AT_decl_file("C:/TI_CodeComposer/ccsv6/tools/compiler/ti-cgt-arm_15.12.
     824                            .dwattr $C$DW$T$53, DW_AT_decl_line(0x53)
     825                            .dwattr $C$DW$T$53, DW_AT_decl_column(0x1a)
TI ARM Assembler PC v15.12.1 Wed Feb 08 15:20:04 2017

Tools Copyright (c) 1996-2015 Texas Instruments Incorporated
Task_Speakerbuzz.asm                                                 PAGE   16

     826                    
     827                    $C$DW$T$12      .dwtag  DW_TAG_base_type
     828                            .dwattr $C$DW$T$12, DW_AT_encoding(DW_ATE_signed)
     829                            .dwattr $C$DW$T$12, DW_AT_name("long")
     830                            .dwattr $C$DW$T$12, DW_AT_byte_size(0x04)
     831                    
     832                    $C$DW$T$13      .dwtag  DW_TAG_base_type
     833                            .dwattr $C$DW$T$13, DW_AT_encoding(DW_ATE_unsigned)
     834                            .dwattr $C$DW$T$13, DW_AT_name("unsigned long")
     835                            .dwattr $C$DW$T$13, DW_AT_byte_size(0x04)
     836                    
     837                    $C$DW$T$14      .dwtag  DW_TAG_base_type
     838                            .dwattr $C$DW$T$14, DW_AT_encoding(DW_ATE_signed)
     839                            .dwattr $C$DW$T$14, DW_AT_name("long long")
     840                            .dwattr $C$DW$T$14, DW_AT_byte_size(0x08)
     841                    
     842                    $C$DW$T$56      .dwtag  DW_TAG_typedef
     843                            .dwattr $C$DW$T$56, DW_AT_name("int64_t")
     844                            .dwattr $C$DW$T$56, DW_AT_type(*$C$DW$T$14)
     845                            .dwattr $C$DW$T$56, DW_AT_language(DW_LANG_C)
     846                            .dwattr $C$DW$T$56, DW_AT_decl_file("C:/TI_CodeComposer/ccsv6/tools/compiler/ti-cgt-arm_15.12.
     847                            .dwattr $C$DW$T$56, DW_AT_decl_line(0x32)
     848                            .dwattr $C$DW$T$56, DW_AT_decl_column(0x21)
     849                    
     850                    $C$DW$T$57      .dwtag  DW_TAG_typedef
     851                            .dwattr $C$DW$T$57, DW_AT_name("int_fast64_t")
     852                            .dwattr $C$DW$T$57, DW_AT_type(*$C$DW$T$56)
     853                            .dwattr $C$DW$T$57, DW_AT_language(DW_LANG_C)
     854                            .dwattr $C$DW$T$57, DW_AT_decl_file("C:/TI_CodeComposer/ccsv6/tools/compiler/ti-cgt-arm_15.12.
     855                            .dwattr $C$DW$T$57, DW_AT_decl_line(0x4e)
     856                            .dwattr $C$DW$T$57, DW_AT_decl_column(0x17)
     857                    
     858                    $C$DW$T$58      .dwtag  DW_TAG_typedef
     859                            .dwattr $C$DW$T$58, DW_AT_name("int_least64_t")
     860                            .dwattr $C$DW$T$58, DW_AT_type(*$C$DW$T$56)
     861                            .dwattr $C$DW$T$58, DW_AT_language(DW_LANG_C)
     862                            .dwattr $C$DW$T$58, DW_AT_decl_file("C:/TI_CodeComposer/ccsv6/tools/compiler/ti-cgt-arm_15.12.
     863                            .dwattr $C$DW$T$58, DW_AT_decl_line(0x40)
     864                            .dwattr $C$DW$T$58, DW_AT_decl_column(0x17)
     865                    
     866                    $C$DW$T$59      .dwtag  DW_TAG_typedef
     867                            .dwattr $C$DW$T$59, DW_AT_name("intmax_t")
     868                            .dwattr $C$DW$T$59, DW_AT_type(*$C$DW$T$14)
     869                            .dwattr $C$DW$T$59, DW_AT_language(DW_LANG_C)
     870                            .dwattr $C$DW$T$59, DW_AT_decl_file("C:/TI_CodeComposer/ccsv6/tools/compiler/ti-cgt-arm_15.12.
     871                            .dwattr $C$DW$T$59, DW_AT_decl_line(0x56)
     872                            .dwattr $C$DW$T$59, DW_AT_decl_column(0x20)
     873                    
     874                    $C$DW$T$15      .dwtag  DW_TAG_base_type
     875                            .dwattr $C$DW$T$15, DW_AT_encoding(DW_ATE_unsigned)
     876                            .dwattr $C$DW$T$15, DW_AT_name("unsigned long long")
     877                            .dwattr $C$DW$T$15, DW_AT_byte_size(0x08)
     878                    
     879                    $C$DW$T$60      .dwtag  DW_TAG_typedef
     880                            .dwattr $C$DW$T$60, DW_AT_name("uint64_t")
TI ARM Assembler PC v15.12.1 Wed Feb 08 15:20:04 2017

Tools Copyright (c) 1996-2015 Texas Instruments Incorporated
Task_Speakerbuzz.asm                                                 PAGE   17

     881                            .dwattr $C$DW$T$60, DW_AT_type(*$C$DW$T$15)
     882                            .dwattr $C$DW$T$60, DW_AT_language(DW_LANG_C)
     883                            .dwattr $C$DW$T$60, DW_AT_decl_file("C:/TI_CodeComposer/ccsv6/tools/compiler/ti-cgt-arm_15.12.
     884                            .dwattr $C$DW$T$60, DW_AT_decl_line(0x33)
     885                            .dwattr $C$DW$T$60, DW_AT_decl_column(0x20)
     886                    
     887                    $C$DW$T$61      .dwtag  DW_TAG_typedef
     888                            .dwattr $C$DW$T$61, DW_AT_name("uint_fast64_t")
     889                            .dwattr $C$DW$T$61, DW_AT_type(*$C$DW$T$60)
     890                            .dwattr $C$DW$T$61, DW_AT_language(DW_LANG_C)
     891                            .dwattr $C$DW$T$61, DW_AT_decl_file("C:/TI_CodeComposer/ccsv6/tools/compiler/ti-cgt-arm_15.12.
     892                            .dwattr $C$DW$T$61, DW_AT_decl_line(0x4f)
     893                            .dwattr $C$DW$T$61, DW_AT_decl_column(0x16)
     894                    
     895                    $C$DW$T$62      .dwtag  DW_TAG_typedef
     896                            .dwattr $C$DW$T$62, DW_AT_name("uint_least64_t")
     897                            .dwattr $C$DW$T$62, DW_AT_type(*$C$DW$T$60)
     898                            .dwattr $C$DW$T$62, DW_AT_language(DW_LANG_C)
     899                            .dwattr $C$DW$T$62, DW_AT_decl_file("C:/TI_CodeComposer/ccsv6/tools/compiler/ti-cgt-arm_15.12.
     900                            .dwattr $C$DW$T$62, DW_AT_decl_line(0x41)
     901                            .dwattr $C$DW$T$62, DW_AT_decl_column(0x16)
     902                    
     903                    $C$DW$T$63      .dwtag  DW_TAG_typedef
     904                            .dwattr $C$DW$T$63, DW_AT_name("uintmax_t")
     905                            .dwattr $C$DW$T$63, DW_AT_type(*$C$DW$T$15)
     906                            .dwattr $C$DW$T$63, DW_AT_language(DW_LANG_C)
     907                            .dwattr $C$DW$T$63, DW_AT_decl_file("C:/TI_CodeComposer/ccsv6/tools/compiler/ti-cgt-arm_15.12.
     908                            .dwattr $C$DW$T$63, DW_AT_decl_line(0x57)
     909                            .dwattr $C$DW$T$63, DW_AT_decl_column(0x20)
     910                    
     911                    $C$DW$T$16      .dwtag  DW_TAG_base_type
     912                            .dwattr $C$DW$T$16, DW_AT_encoding(DW_ATE_float)
     913                            .dwattr $C$DW$T$16, DW_AT_name("float")
     914                            .dwattr $C$DW$T$16, DW_AT_byte_size(0x04)
     915                    
     916                    $C$DW$T$17      .dwtag  DW_TAG_base_type
     917                            .dwattr $C$DW$T$17, DW_AT_encoding(DW_ATE_float)
     918                            .dwattr $C$DW$T$17, DW_AT_name("double")
     919                            .dwattr $C$DW$T$17, DW_AT_byte_size(0x08)
     920                    
     921                    $C$DW$T$18      .dwtag  DW_TAG_base_type
     922                            .dwattr $C$DW$T$18, DW_AT_encoding(DW_ATE_float)
     923                            .dwattr $C$DW$T$18, DW_AT_name("long double")
     924                            .dwattr $C$DW$T$18, DW_AT_byte_size(0x08)
     925                    
     926                    $C$DW$T$64      .dwtag  DW_TAG_base_type
     927                            .dwattr $C$DW$T$64, DW_AT_encoding(DW_ATE_unsigned_char)
     928                            .dwattr $C$DW$T$64, DW_AT_name("unsigned char")
     929                            .dwattr $C$DW$T$64, DW_AT_byte_size(0x01)
     930                    
     931                    
     932                    $C$DW$T$19      .dwtag  DW_TAG_structure_type
     933                            .dwattr $C$DW$T$19, DW_AT_name("__va_list")
     934                            .dwattr $C$DW$T$19, DW_AT_byte_size(0x04)
     935                    $C$DW$43        .dwtag  DW_TAG_member
TI ARM Assembler PC v15.12.1 Wed Feb 08 15:20:04 2017

Tools Copyright (c) 1996-2015 Texas Instruments Incorporated
Task_Speakerbuzz.asm                                                 PAGE   18

     936                            .dwattr $C$DW$43, DW_AT_type(*$C$DW$T$3)
     937                            .dwattr $C$DW$43, DW_AT_name("__ap")
     938                            .dwattr $C$DW$43, DW_AT_TI_symbol_name("__ap")
     939                            .dwattr $C$DW$43, DW_AT_data_member_location[DW_OP_plus_uconst 0x0]
     940                            .dwattr $C$DW$43, DW_AT_accessibility(DW_ACCESS_public)
     941                            .dwattr $C$DW$43, DW_AT_decl_file("C:/TI_CodeComposer/ccsv6/tools/compiler/ti-cgt-arm_15.12.1.
     942                            .dwattr $C$DW$43, DW_AT_decl_line(0x38)
     943                            .dwattr $C$DW$43, DW_AT_decl_column(0x0c)
     944                    
     945                            .dwattr $C$DW$T$19, DW_AT_decl_file("C:/TI_CodeComposer/ccsv6/tools/compiler/ti-cgt-arm_15.12.
     946                            .dwattr $C$DW$T$19, DW_AT_decl_line(0x37)
     947                            .dwattr $C$DW$T$19, DW_AT_decl_column(0x10)
     948                            .dwendtag $C$DW$T$19
     949                    
     950                    $C$DW$T$65      .dwtag  DW_TAG_typedef
     951                            .dwattr $C$DW$T$65, DW_AT_name("va_list")
     952                            .dwattr $C$DW$T$65, DW_AT_type(*$C$DW$T$19)
     953                            .dwattr $C$DW$T$65, DW_AT_language(DW_LANG_C)
     954                            .dwattr $C$DW$T$65, DW_AT_decl_file("C:/TI_CodeComposer/ccsv6/tools/compiler/ti-cgt-arm_15.12.
     955                            .dwattr $C$DW$T$65, DW_AT_decl_line(0x39)
     956                            .dwattr $C$DW$T$65, DW_AT_decl_column(0x03)
     957                    
     958                    
     959                    $C$DW$T$66      .dwtag  DW_TAG_enumeration_type
     960                            .dwattr $C$DW$T$66, DW_AT_name("speakerState")
     961                            .dwattr $C$DW$T$66, DW_AT_byte_size(0x01)
     962                    $C$DW$44        .dwtag  DW_TAG_enumerator
     963                            .dwattr $C$DW$44, DW_AT_name("On")
     964                            .dwattr $C$DW$44, DW_AT_const_value(0x00)
     965                            .dwattr $C$DW$44, DW_AT_decl_file("../Tasks/Task_Speakerbuzz.c")
     966                            .dwattr $C$DW$44, DW_AT_decl_line(0x29)
     967                            .dwattr $C$DW$44, DW_AT_decl_column(0x1a)
     968                    
     969                    $C$DW$45        .dwtag  DW_TAG_enumerator
     970                            .dwattr $C$DW$45, DW_AT_name("Off")
     971                            .dwattr $C$DW$45, DW_AT_const_value(0x01)
     972                            .dwattr $C$DW$45, DW_AT_decl_file("../Tasks/Task_Speakerbuzz.c")
     973                            .dwattr $C$DW$45, DW_AT_decl_line(0x29)
     974                            .dwattr $C$DW$45, DW_AT_decl_column(0x1d)
     975                    
     976                            .dwattr $C$DW$T$66, DW_AT_decl_file("../Tasks/Task_Speakerbuzz.c")
     977                            .dwattr $C$DW$T$66, DW_AT_decl_line(0x29)
     978                            .dwattr $C$DW$T$66, DW_AT_decl_column(0x0d)
     979                            .dwendtag $C$DW$T$66
     980                    
     981                            .dwattr $C$DW$CU, DW_AT_language(DW_LANG_C)
     982                    
     983                    ;***************************************************************
     984                    ;* DWARF CIE ENTRIES                                           *
     985                    ;***************************************************************
     986                    
     987                    $C$DW$CIE       .dwcie 14
     988                            .dwcfi  cfa_register, 13
     989                            .dwcfi  cfa_offset, 0
     990                            .dwcfi  undefined, 0
TI ARM Assembler PC v15.12.1 Wed Feb 08 15:20:04 2017

Tools Copyright (c) 1996-2015 Texas Instruments Incorporated
Task_Speakerbuzz.asm                                                 PAGE   19

     991                            .dwcfi  undefined, 1
     992                            .dwcfi  undefined, 2
     993                            .dwcfi  undefined, 3
     994                            .dwcfi  same_value, 4
     995                            .dwcfi  same_value, 5
     996                            .dwcfi  same_value, 6
     997                            .dwcfi  same_value, 7
     998                            .dwcfi  same_value, 8
     999                            .dwcfi  same_value, 9
    1000                            .dwcfi  same_value, 10
    1001                            .dwcfi  same_value, 11
    1002                            .dwcfi  undefined, 12
    1003                            .dwcfi  undefined, 13
    1004                            .dwcfi  undefined, 14
    1005                            .dwcfi  undefined, 14
    1006                            .dwcfi  undefined, 7
    1007                            .dwendentry
    1008                            .dwendtag $C$DW$CU
    1009                    

--------------------------
Thumb2 Statistics
--------------------------
Number of Thumb2 ins converted to Thumb = 0 (0%)
Number of Thumb ins in input = 98 (89%)
Number of Thumb2 ins encoded as Thumb2 = 12 (100%)
Number of Thumb2 ins converted to 2 OPND Thumb = 1


No Assembly Errors, No Assembly Warnings
